<?xml version="1.0" encoding="UTF-8"?>
<!-- Generated by org.testng.reporters.JUnitReportReporter -->
<testsuite hostname="chenzepengdeMacBook-Air.local" name="appium.cases.ExpectJobCase" tests="1" failures="0" timestamp="19 Mar 2020 14:49:54 GMT" time="12.388" errors="0">
  <testcase name="addExpectJob" time="12.388" classname="appium.cases.ExpectJobCase"/>
</testsuite> <!-- appium.cases.ExpectJobCase -->
