<?xml version="1.0" encoding="UTF-8"?>
<!-- Generated by org.testng.reporters.JUnitReportReporter -->
<testsuite hostname="chenzepengdeMacBook-Air.local" name="appium.cases.ChangeAddressCase" tests="1" failures="0" timestamp="20 Mar 2020 19:03:35 GMT" time="21.754" errors="0">
  <testcase name="testChangeAddress" time="21.754" classname="appium.cases.ChangeAddressCase"/>
</testsuite> <!-- appium.cases.ChangeAddressCase -->
