<?xml version="1.0" encoding="UTF-8"?>
<!-- Generated by org.testng.reporters.JUnitReportReporter -->
<testsuite hostname="chenzepengdeMacBook-Air.local" name="appium.cases.HomeTestCase" tests="1" failures="0" timestamp="30 Mar 2020 15:33:36 GMT" time="28.072" errors="0">
  <testcase name="SearchTest" time="28.072" classname="appium.cases.HomeTestCase"/>
</testsuite> <!-- appium.cases.HomeTestCase -->
